0 info it worked if it ends with ok
1 verbose cli [ 'C:\\Users\\Will\\IdeaProjects\\matchmaking-system\\node\\node.exe',
1 verbose cli   'C:\\Users\\Will\\IdeaProjects\\matchmaking-system\\node\\node_modules\\npm\\bin\\npm-cli.js',
1 verbose cli   'run-script',
1 verbose cli   'build' ]
2 info using npm@3.5.3
3 info using node@v4.6.0
4 verbose run-script [ 'prebuild', 'build', 'postbuild' ]
5 info lifecycle matchmaking-system@1.0.0~prebuild: matchmaking-system@1.0.0
6 silly lifecycle matchmaking-system@1.0.0~prebuild: no script for prebuild, continuing
7 info lifecycle matchmaking-system@1.0.0~build: matchmaking-system@1.0.0
8 verbose lifecycle matchmaking-system@1.0.0~build: unsafe-perm in lifecycle true
9 verbose lifecycle matchmaking-system@1.0.0~build: PATH: C:\Users\Will\IdeaProjects\matchmaking-system\node\node_modules\npm\bin\node-gyp-bin;C:\Users\Will\IdeaProjects\matchmaking-system\node_modules\.bin;C:\Users\Will\IdeaProjects\matchmaking-system\node;C:\Program Files\Python39\Scripts\;C:\Program Files\Python39\;C:\Windows\system32;C:\Windows;C:\Windows\System32\Wbem;C:\Windows\System32\WindowsPowerShell\v1.0\;C:\Windows\System32\OpenSSH\;C:\Program Files\Git\cmd;C:\Program Files\nodejs\;C:\Program Files\Docker\Docker\resources\bin;C:\ProgramData\DockerDesktop\version-bin;C:\Users\Will\AppData\Local\Microsoft\WindowsApps;C:\Users\Will\AppData\Local\Google\Cloud SDK\google-cloud-sdk\bin;C:\Users\Will\AppData\Roaming\npm;
10 verbose lifecycle matchmaking-system@1.0.0~build: CWD: C:\Users\Will\IdeaProjects\matchmaking-system
11 silly lifecycle matchmaking-system@1.0.0~build: Args: [ '/d /s /c',
11 silly lifecycle   'webpack --output-path ./target/classes/static/built' ]
12 silly lifecycle matchmaking-system@1.0.0~build: Returned: code: 1  signal: null
13 info lifecycle matchmaking-system@1.0.0~build: Failed to exec build script
14 verbose stack Error: matchmaking-system@1.0.0 build: `webpack --output-path ./target/classes/static/built`
14 verbose stack Exit status 1
14 verbose stack     at EventEmitter.<anonymous> (C:\Users\Will\IdeaProjects\matchmaking-system\node\node_modules\npm\lib\utils\lifecycle.js:232:16)
14 verbose stack     at emitTwo (events.js:87:13)
14 verbose stack     at EventEmitter.emit (events.js:172:7)
14 verbose stack     at ChildProcess.<anonymous> (C:\Users\Will\IdeaProjects\matchmaking-system\node\node_modules\npm\lib\utils\spawn.js:24:14)
14 verbose stack     at emitTwo (events.js:87:13)
14 verbose stack     at ChildProcess.emit (events.js:172:7)
14 verbose stack     at maybeClose (internal/child_process.js:829:16)
14 verbose stack     at Process.ChildProcess._handle.onexit (internal/child_process.js:211:5)
15 verbose pkgid matchmaking-system@1.0.0
16 verbose cwd C:\Users\Will\IdeaProjects\matchmaking-system
17 error Windows_NT 10.0.19042
18 error argv "C:\\Users\\Will\\IdeaProjects\\matchmaking-system\\node\\node.exe" "C:\\Users\\Will\\IdeaProjects\\matchmaking-system\\node\\node_modules\\npm\\bin\\npm-cli.js" "run-script" "build"
19 error node v4.6.0
20 error npm  v3.5.3
21 error code ELIFECYCLE
22 error matchmaking-system@1.0.0 build: `webpack --output-path ./target/classes/static/built`
22 error Exit status 1
23 error Failed at the matchmaking-system@1.0.0 build script 'webpack --output-path ./target/classes/static/built'.
23 error Make sure you have the latest version of node.js and npm installed.
23 error If you do, this is most likely a problem with the matchmaking-system package,
23 error not with npm itself.
23 error Tell the author that this fails on your system:
23 error     webpack --output-path ./target/classes/static/built
23 error You can get information on how to open an issue for this project with:
23 error     npm bugs matchmaking-system
23 error Or if that isn't available, you can get their info via:
23 error     npm owner ls matchmaking-system
23 error There is likely additional logging output above.
24 verbose exit [ 1, true ]
